TN:
SF:src\app.js
FN:8,App
FN:15,middlewares
FN:27,routes
FNF:3
FNH:3
FNDA:1,App
FNDA:1,middlewares
FNDA:1,routes
DA:1,1
DA:2,1
DA:3,1
DA:4,1
DA:5,1
DA:6,1
DA:7,1
DA:8,1
DA:9,1
DA:10,1
DA:11,1
DA:12,1
DA:13,1
DA:14,1
DA:15,1
DA:16,1
DA:17,1
DA:18,1
DA:19,1
DA:20,1
DA:21,1
DA:22,1
DA:23,1
DA:24,1
DA:25,1
DA:26,1
DA:27,1
DA:28,1
DA:29,1
DA:30,1
DA:31,1
DA:32,1
LF:32
LH:32
BRDA:8,0,0,1
BRDA:15,1,0,1
BRDA:18,2,0,1
BRDA:27,3,0,1
BRF:4
BRH:4
end_of_record
TN:
SF:src\database\index.js
FN:6,Database
FN:10,mongo
FNF:2
FNH:2
FNDA:1,Database
FNDA:1,mongo
DA:1,1
DA:2,1
DA:3,1
DA:4,1
DA:5,1
DA:6,1
DA:7,1
DA:8,1
DA:9,1
DA:10,1
DA:11,1
DA:12,1
DA:13,1
DA:14,1
DA:15,1
DA:16,1
DA:17,1
DA:18,1
DA:19,1
DA:20,1
DA:21,1
DA:22,1
DA:23,1
DA:24,0
DA:25,0
DA:26,1
DA:27,0
DA:28,0
DA:29,0
DA:30,0
DA:31,1
DA:32,1
DA:33,1
DA:34,1
LF:34
LH:28
BRDA:6,0,0,1
BRDA:10,1,0,1
BRF:2
BRH:2
end_of_record
TN:
SF:src\errors\AppError.js
FN:5,AppError
FNF:1
FNH:0
FNDA:0,AppError
DA:1,1
DA:2,1
DA:3,1
DA:4,1
DA:5,1
DA:6,0
DA:7,0
DA:8,0
DA:9,1
DA:10,1
DA:11,1
LF:11
LH:8
BRF:0
BRH:0
end_of_record
TN:
SF:src\routes\index.js
FNF:0
FNH:0
DA:1,1
DA:2,1
DA:3,1
DA:4,1
DA:5,1
DA:6,1
DA:7,1
DA:8,1
DA:9,1
LF:9
LH:9
BRF:0
BRH:0
end_of_record
TN:
SF:src\routes\patientsRouter.js
FN:10,_callee
FN:10,_callee$
FN:22,_callee2
FN:35,_callee3
FN:54,_callee4
FN:67,_callee5
FNF:6
FNH:2
FNDA:1,_callee
FNDA:1,_callee$
FNDA:0,_callee2
FNDA:0,_callee3
FNDA:0,_callee4
FNDA:0,_callee5
DA:1,1
DA:2,1
DA:3,1
DA:4,1
DA:5,1
DA:6,1
DA:7,1
DA:8,1
DA:9,1
DA:10,1
DA:11,0
DA:12,0
DA:13,0
DA:14,0
DA:15,0
DA:16,0
DA:17,0
DA:18,1
DA:19,1
DA:20,1
DA:21,1
DA:22,1
DA:23,1
DA:24,1
DA:25,1
DA:26,1
DA:27,1
DA:28,1
DA:29,1
DA:30,1
DA:31,1
DA:32,1
DA:33,1
DA:34,1
DA:35,1
DA:36,1
DA:37,1
DA:38,1
DA:39,1
DA:40,1
DA:41,1
DA:42,1
DA:43,1
DA:44,1
DA:45,1
DA:46,1
DA:47,1
DA:48,1
DA:49,1
DA:50,1
DA:51,1
DA:52,1
DA:53,1
DA:54,1
DA:55,1
DA:56,1
DA:57,1
DA:58,1
DA:59,1
DA:60,1
DA:61,1
DA:62,1
DA:63,1
DA:64,1
DA:65,1
DA:66,1
DA:67,1
DA:68,1
DA:69,1
DA:70,1
DA:71,1
DA:72,1
DA:73,1
DA:74,1
DA:75,1
DA:76,1
DA:77,1
DA:78,1
DA:79,1
DA:80,1
DA:81,1
DA:82,1
DA:83,1
DA:84,1
DA:85,1
DA:86,1
DA:87,1
DA:88,1
DA:89,1
LF:89
LH:82
BRDA:10,0,0,1
BRDA:10,1,0,1
BRDA:10,2,0,1
BRDA:10,3,0,0
BRDA:10,4,0,0
BRDA:10,5,0,0
BRDA:10,6,0,0
BRDA:10,7,0,0
BRDA:10,8,0,1
BRDA:22,9,0,1
BRDA:35,10,0,1
BRDA:54,11,0,1
BRDA:67,12,0,1
BRF:13
BRH:8
end_of_record
TN:
SF:src\schemas\Patient.js
FNF:0
FNH:0
DA:1,1
DA:2,1
DA:3,1
DA:4,1
DA:5,1
DA:6,1
DA:7,1
DA:8,1
DA:9,1
DA:10,1
DA:11,1
DA:12,1
DA:13,1
DA:14,1
DA:15,1
DA:16,1
DA:17,1
DA:18,1
DA:19,1
DA:20,1
DA:21,1
DA:22,1
DA:23,1
DA:24,1
DA:25,1
DA:26,1
DA:27,1
DA:28,1
DA:29,1
DA:30,1
DA:31,1
DA:32,1
DA:33,1
DA:34,1
DA:35,1
LF:35
LH:35
BRF:0
BRH:0
end_of_record
TN:
SF:src\services\CreatePatientService.js
FN:5,_callee
FNF:1
FNH:0
FNDA:0,_callee
DA:1,1
DA:2,1
DA:3,1
DA:4,1
DA:5,1
DA:6,1
DA:7,1
DA:8,1
DA:9,1
DA:10,1
DA:11,1
DA:12,1
DA:13,1
DA:14,1
DA:15,1
DA:16,1
DA:17,1
DA:18,1
DA:19,1
LF:19
LH:19
BRF:0
BRH:0
end_of_record
TN:
SF:src\services\DeletePatientService.js
FN:5,_callee
FNF:1
FNH:0
FNDA:0,_callee
DA:1,1
DA:2,1
DA:3,1
DA:4,1
DA:5,1
DA:6,1
DA:7,1
DA:8,1
DA:9,1
DA:10,1
DA:11,1
DA:12,1
DA:13,1
DA:14,1
DA:15,1
DA:16,1
LF:16
LH:16
BRF:0
BRH:0
end_of_record
TN:
SF:src\services\UpdatePatientService.js
FN:5,_callee
FNF:1
FNH:0
FNDA:0,_callee
DA:1,1
DA:2,1
DA:3,1
DA:4,1
DA:5,1
DA:6,1
DA:7,1
DA:8,1
DA:9,1
DA:10,1
DA:11,1
DA:12,1
DA:13,1
DA:14,1
DA:15,1
DA:16,1
DA:17,1
DA:18,1
DA:19,1
DA:20,1
DA:21,1
DA:22,1
DA:23,1
DA:24,1
DA:25,1
DA:26,1
DA:27,1
DA:28,1
DA:29,1
DA:30,1
DA:31,1
LF:31
LH:31
BRF:0
BRH:0
end_of_record
